2016-01-04 09:38:59 INFO  StudentServiceClient:50 - Creating student::{"address":{"state":"MA","firstline":"2101","city":"westford","zip":"01886"},"studentId":"1","firstname":"vignesh","lastname":"natesan"}
2016-01-04 09:39:04 INFO  StudentServiceClient:29 - Student output:<html><head><title>Apache Tomcat/6.0.44 - Error report</title><style><!--H1 {font-family:Tahoma,Arial,sans-serif;color:white;background-color:#525D76;font-size:22px;} H2 {font-family:Tahoma,Arial,sans-serif;color:white;background-color:#525D76;font-size:16px;} H3 {font-family:Tahoma,Arial,sans-serif;color:white;background-color:#525D76;font-size:14px;} BODY {font-family:Tahoma,Arial,sans-serif;color:black;background-color:white;} B {font-family:Tahoma,Arial,sans-serif;color:white;background-color:#525D76;} P {font-family:Tahoma,Arial,sans-serif;background:white;color:black;font-size:12px;}A {color : black;}A.name {color : black;}HR {color : #525D76;}--></style> </head><body><h1>HTTP Status 500 - Could not get JDBC Connection; nested exception is com.mysql.jdbc.exceptions.jdbc4.CommunicationsException: Communications link failure</h1><HR size="1" noshade="noshade"><p><b>type</b> Exception report</p><p><b>message</b> <u>Could not get JDBC Connection; nested exception is com.mysql.jdbc.exceptions.jdbc4.CommunicationsException: Communications link failure</u></p><p><b>description</b> <u>The server encountered an internal error that prevented it from fulfilling this request.</u></p><p><b>exception</b> <pre>org.springframework.jdbc.CannotGetJdbcConnectionException: Could not get JDBC Connection; nested exception is com.mysql.jdbc.exceptions.jdbc4.CommunicationsException: Communications link failure

The last packet sent successfully to the server was 0 milliseconds ago. The driver has not received any packets from the server.
	org.springframework.jdbc.datasource.DataSourceUtils.getConnection(DataSourceUtils.java:80)
	org.springframework.jdbc.core.JdbcTemplate.execute(JdbcTemplate.java:381)
	org.springframework.jdbc.core.JdbcTemplate.query(JdbcTemplate.java:455)
	org.springframework.jdbc.core.JdbcTemplate.query(JdbcTemplate.java:463)
	org.springframework.jdbc.core.JdbcTemplate.queryForList(JdbcTemplate.java:494)
	com.appy.dao.StudentDAOImpl.findAllStudents(StudentDAOImpl.java:47)
	com.appy.service.student.StudentServiceImpl.getStudents(StudentServiceImpl.java:31)
	com.appy.endpoint.student.StudentService.getStudents(StudentService.java:53)
	sun.reflect.NativeMethodAccessorImpl.invoke0(Native Method)
	sun.reflect.NativeMethodAccessorImpl.invoke(NativeMethodAccessorImpl.java:57)
	sun.reflect.DelegatingMethodAccessorImpl.invoke(DelegatingMethodAccessorImpl.java:43)
	java.lang.reflect.Method.invoke(Method.java:606)
	com.sun.jersey.spi.container.JavaMethodInvokerFactory$1.invoke(JavaMethodInvokerFactory.java:60)
	com.sun.jersey.server.impl.model.method.dispatch.AbstractResourceMethodDispatchProvider$ResponseOutInvoker._dispatch(AbstractResourceMethodDispatchProvider.java:205)
	com.sun.jersey.server.impl.model.method.dispatch.ResourceJavaMethodDispatcher.dispatch(ResourceJavaMethodDispatcher.java:75)
	com.sun.jersey.server.impl.uri.rules.HttpMethodRule.accept(HttpMethodRule.java:288)
	com.sun.jersey.server.impl.uri.rules.RightHandPathRule.accept(RightHandPathRule.java:147)
	com.sun.jersey.server.impl.uri.rules.ResourceClassRule.accept(ResourceClassRule.java:108)
	com.sun.jersey.server.impl.uri.rules.RightHandPathRule.accept(RightHandPathRule.java:147)
	com.sun.jersey.server.impl.uri.rules.RootResourceClassesRule.accept(RootResourceClassesRule.java:84)
	com.sun.jersey.server.impl.application.WebApplicationImpl._handleRequest(WebApplicationImpl.java:1469)
	com.sun.jersey.server.impl.application.WebApplicationImpl._handleRequest(WebApplicationImpl.java:1400)
	com.sun.jersey.server.impl.application.WebApplicationImpl.handleRequest(WebApplicationImpl.java:1349)
	com.sun.jersey.server.impl.application.WebApplicationImpl.handleRequest(WebApplicationImpl.java:1339)
	com.sun.jersey.spi.container.servlet.WebComponent.service(WebComponent.java:416)
	com.sun.jersey.spi.container.servlet.ServletContainer.service(ServletContainer.java:537)
	com.sun.jersey.spi.container.servlet.ServletContainer.service(ServletContainer.java:699)
	javax.servlet.http.HttpServlet.service(HttpServlet.java:723)
</pre></p><p><b>root cause</b> <pre>com.mysql.jdbc.exceptions.jdbc4.CommunicationsException: Communications link failure

The last packet sent successfully to the server was 0 milliseconds ago. The driver has not received any packets from the server.
	sun.reflect.NativeConstructorAccessorImpl.newInstance0(Native Method)
	sun.reflect.NativeConstructorAccessorImpl.newInstance(NativeConstructorAccessorImpl.java:57)
	sun.reflect.DelegatingConstructorAccessorImpl.newInstance(DelegatingConstructorAccessorImpl.java:45)
	java.lang.reflect.Constructor.newInstance(Constructor.java:526)
	com.mysql.jdbc.Util.handleNewInstance(Util.java:411)
	com.mysql.jdbc.SQLError.createCommunicationsException(SQLError.java:1121)
	com.mysql.jdbc.MysqlIO.&lt;init&gt;(MysqlIO.java:357)
	com.mysql.jdbc.ConnectionImpl.coreConnect(ConnectionImpl.java:2482)
	com.mysql.jdbc.ConnectionImpl.connectOneTryOnly(ConnectionImpl.java:2519)
	com.mysql.jdbc.ConnectionImpl.createNewIO(ConnectionImpl.java:2304)
	com.mysql.jdbc.ConnectionImpl.&lt;init&gt;(ConnectionImpl.java:834)
	com.mysql.jdbc.JDBC4Connection.&lt;init&gt;(JDBC4Connection.java:47)
	sun.reflect.NativeConstructorAccessorImpl.newInstance0(Native Method)
	sun.reflect.NativeConstructorAccessorImpl.newInstance(NativeConstructorAccessorImpl.java:57)
	sun.reflect.DelegatingConstructorAccessorImpl.newInstance(DelegatingConstructorAccessorImpl.java:45)
	java.lang.reflect.Constructor.newInstance(Constructor.java:526)
	com.mysql.jdbc.Util.handleNewInstance(Util.java:411)
	com.mysql.jdbc.ConnectionImpl.getInstance(ConnectionImpl.java:416)
	com.mysql.jdbc.NonRegisteringDriver.connect(NonRegisteringDriver.java:346)
	java.sql.DriverManager.getConnection(DriverManager.java:571)
	java.sql.DriverManager.getConnection(DriverManager.java:187)
	org.springframework.jdbc.datasource.DriverManagerDataSource.getConnectionFromDriverManager(DriverManagerDataSource.java:173)
	org.springframework.jdbc.datasource.DriverManagerDataSource.getConnectionFromDriver(DriverManagerDataSource.java:164)
	org.springframework.jdbc.datasource.AbstractDriverBasedDataSource.getConnectionFromDriver(AbstractDriverBasedDataSource.java:149)
	org.springframework.jdbc.datasource.AbstractDriverBasedDataSource.getConnection(AbstractDriverBasedDataSource.java:119)
	org.springframework.jdbc.datasource.DataSourceUtils.doGetConnection(DataSourceUtils.java:111)
	org.springframework.jdbc.datasource.DataSourceUtils.getConnection(DataSourceUtils.java:77)
	org.springframework.jdbc.core.JdbcTemplate.execute(JdbcTemplate.java:381)
	org.springframework.jdbc.core.JdbcTemplate.query(JdbcTemplate.java:455)
	org.springframework.jdbc.core.JdbcTemplate.query(JdbcTemplate.java:463)
	org.springframework.jdbc.core.JdbcTemplate.queryForList(JdbcTemplate.java:494)
	com.appy.dao.StudentDAOImpl.findAllStudents(StudentDAOImpl.java:47)
	com.appy.service.student.StudentServiceImpl.getStudents(StudentServiceImpl.java:31)
	com.appy.endpoint.student.StudentService.getStudents(StudentService.java:53)
	sun.reflect.NativeMethodAccessorImpl.invoke0(Native Method)
	sun.reflect.NativeMethodAccessorImpl.invoke(NativeMethodAccessorImpl.java:57)
	sun.reflect.DelegatingMethodAccessorImpl.invoke(DelegatingMethodAccessorImpl.java:43)
	java.lang.reflect.Method.invoke(Method.java:606)
	com.sun.jersey.spi.container.JavaMethodInvokerFactory$1.invoke(JavaMethodInvokerFactory.java:60)
	com.sun.jersey.server.impl.model.method.dispatch.AbstractResourceMethodDispatchProvider$ResponseOutInvoker._dispatch(AbstractResourceMethodDispatchProvider.java:205)
	com.sun.jersey.server.impl.model.method.dispatch.ResourceJavaMethodDispatcher.dispatch(ResourceJavaMethodDispatcher.java:75)
	com.sun.jersey.server.impl.uri.rules.HttpMethodRule.accept(HttpMethodRule.java:288)
	com.sun.jersey.server.impl.uri.rules.RightHandPathRule.accept(RightHandPathRule.java:147)
	com.sun.jersey.server.impl.uri.rules.ResourceClassRule.accept(ResourceClassRule.java:108)
	com.sun.jersey.server.impl.uri.rules.RightHandPathRule.accept(RightHandPathRule.java:147)
	com.sun.jersey.server.impl.uri.rules.RootResourceClassesRule.accept(RootResourceClassesRule.java:84)
	com.sun.jersey.server.impl.application.WebApplicationImpl._handleRequest(WebApplicationImpl.java:1469)
	com.sun.jersey.server.impl.application.WebApplicationImpl._handleRequest(WebApplicationImpl.java:1400)
	com.sun.jersey.server.impl.application.WebApplicationImpl.handleRequest(WebApplicationImpl.java:1349)
	com.sun.jersey.server.impl.application.WebApplicationImpl.handleRequest(WebApplicationImpl.java:1339)
	com.sun.jersey.spi.container.servlet.WebComponent.service(WebComponent.java:416)
	com.sun.jersey.spi.container.servlet.ServletContainer.service(ServletContainer.java:537)
	com.sun.jersey.spi.container.servlet.ServletContainer.service(ServletContainer.java:699)
	javax.servlet.http.HttpServlet.service(HttpServlet.java:723)
</pre></p><p><b>root cause</b> <pre>java.net.ConnectException: Connection refused: connect
	java.net.DualStackPlainSocketImpl.connect0(Native Method)
	java.net.DualStackPlainSocketImpl.socketConnect(DualStackPlainSocketImpl.java:79)
	java.net.AbstractPlainSocketImpl.doConnect(AbstractPlainSocketImpl.java:339)
	java.net.AbstractPlainSocketImpl.connectToAddress(AbstractPlainSocketImpl.java:200)
	java.net.AbstractPlainSocketImpl.connect(AbstractPlainSocketImpl.java:182)
	java.net.PlainSocketImpl.connect(PlainSocketImpl.java:172)
	java.net.SocksSocketImpl.connect(SocksSocketImpl.java:392)
	java.net.Socket.connect(Socket.java:579)
	java.net.Socket.connect(Socket.java:528)
	java.net.Socket.&lt;init&gt;(Socket.java:425)
	java.net.Socket.&lt;init&gt;(Socket.java:241)
	com.mysql.jdbc.StandardSocketFactory.connect(StandardSocketFactory.java:259)
	com.mysql.jdbc.MysqlIO.&lt;init&gt;(MysqlIO.java:307)
	com.mysql.jdbc.ConnectionImpl.coreConnect(ConnectionImpl.java:2482)
	com.mysql.jdbc.ConnectionImpl.connectOneTryOnly(ConnectionImpl.java:2519)
	com.mysql.jdbc.ConnectionImpl.createNewIO(ConnectionImpl.java:2304)
	com.mysql.jdbc.ConnectionImpl.&lt;init&gt;(ConnectionImpl.java:834)
	com.mysql.jdbc.JDBC4Connection.&lt;init&gt;(JDBC4Connection.java:47)
	sun.reflect.NativeConstructorAccessorImpl.newInstance0(Native Method)
	sun.reflect.NativeConstructorAccessorImpl.newInstance(NativeConstructorAccessorImpl.java:57)
	sun.reflect.DelegatingConstructorAccessorImpl.newInstance(DelegatingConstructorAccessorImpl.java:45)
	java.lang.reflect.Constructor.newInstance(Constructor.java:526)
	com.mysql.jdbc.Util.handleNewInstance(Util.java:411)
	com.mysql.jdbc.ConnectionImpl.getInstance(ConnectionImpl.java:416)
	com.mysql.jdbc.NonRegisteringDriver.connect(NonRegisteringDriver.java:346)
	java.sql.DriverManager.getConnection(DriverManager.java:571)
	java.sql.DriverManager.getConnection(DriverManager.java:187)
	org.springframework.jdbc.datasource.DriverManagerDataSource.getConnectionFromDriverManager(DriverManagerDataSource.java:173)
	org.springframework.jdbc.datasource.DriverManagerDataSource.getConnectionFromDriver(DriverManagerDataSource.java:164)
	org.springframework.jdbc.datasource.AbstractDriverBasedDataSource.getConnectionFromDriver(AbstractDriverBasedDataSource.java:149)
	org.springframework.jdbc.datasource.AbstractDriverBasedDataSource.getConnection(AbstractDriverBasedDataSource.java:119)
	org.springframework.jdbc.datasource.DataSourceUtils.doGetConnection(DataSourceUtils.java:111)
	org.springframework.jdbc.datasource.DataSourceUtils.getConnection(DataSourceUtils.java:77)
	org.springframework.jdbc.core.JdbcTemplate.execute(JdbcTemplate.java:381)
	org.springframework.jdbc.core.JdbcTemplate.query(JdbcTemplate.java:455)
	org.springframework.jdbc.core.JdbcTemplate.query(JdbcTemplate.java:463)
	org.springframework.jdbc.core.JdbcTemplate.queryForList(JdbcTemplate.java:494)
	com.appy.dao.StudentDAOImpl.findAllStudents(StudentDAOImpl.java:47)
	com.appy.service.student.StudentServiceImpl.getStudents(StudentServiceImpl.java:31)
	com.appy.endpoint.student.StudentService.getStudents(StudentService.java:53)
	sun.reflect.NativeMethodAccessorImpl.invoke0(Native Method)
	sun.reflect.NativeMethodAccessorImpl.invoke(NativeMethodAccessorImpl.java:57)
	sun.reflect.DelegatingMethodAccessorImpl.invoke(DelegatingMethodAccessorImpl.java:43)
	java.lang.reflect.Method.invoke(Method.java:606)
	com.sun.jersey.spi.container.JavaMethodInvokerFactory$1.invoke(JavaMethodInvokerFactory.java:60)
	com.sun.jersey.server.impl.model.method.dispatch.AbstractResourceMethodDispatchProvider$ResponseOutInvoker._dispatch(AbstractResourceMethodDispatchProvider.java:205)
	com.sun.jersey.server.impl.model.method.dispatch.ResourceJavaMethodDispatcher.dispatch(ResourceJavaMethodDispatcher.java:75)
	com.sun.jersey.server.impl.uri.rules.HttpMethodRule.accept(HttpMethodRule.java:288)
	com.sun.jersey.server.impl.uri.rules.RightHandPathRule.accept(RightHandPathRule.java:147)
	com.sun.jersey.server.impl.uri.rules.ResourceClassRule.accept(ResourceClassRule.java:108)
	com.sun.jersey.server.impl.uri.rules.RightHandPathRule.accept(RightHandPathRule.java:147)
	com.sun.jersey.server.impl.uri.rules.RootResourceClassesRule.accept(RootResourceClassesRule.java:84)
	com.sun.jersey.server.impl.application.WebApplicationImpl._handleRequest(WebApplicationImpl.java:1469)
	com.sun.jersey.server.impl.application.WebApplicationImpl._handleRequest(WebApplicationImpl.java:1400)
	com.sun.jersey.server.impl.application.WebApplicationImpl.handleRequest(WebApplicationImpl.java:1349)
	com.sun.jersey.server.impl.application.WebApplicationImpl.handleRequest(WebApplicationImpl.java:1339)
	com.sun.jersey.spi.container.servlet.WebComponent.service(WebComponent.java:416)
	com.sun.jersey.spi.container.servlet.ServletContainer.service(ServletContainer.java:537)
	com.sun.jersey.spi.container.servlet.ServletContainer.service(ServletContainer.java:699)
	javax.servlet.http.HttpServlet.service(HttpServlet.java:723)
</pre></p><p><b>note</b> <u>The full stack trace of the root cause is available in the Apache Tomcat/6.0.44 logs.</u></p><HR size="1" noshade="noshade"><h3>Apache Tomcat/6.0.44</h3></body></html>
2016-01-04 09:39:04 INFO  StudentServiceClient:59 - Student out for Student ID - 1: <html><head><title>Apache Tomcat/6.0.44 - Error report</title><style><!--H1 {font-family:Tahoma,Arial,sans-serif;color:white;background-color:#525D76;font-size:22px;} H2 {font-family:Tahoma,Arial,sans-serif;color:white;background-color:#525D76;font-size:16px;} H3 {font-family:Tahoma,Arial,sans-serif;color:white;background-color:#525D76;font-size:14px;} BODY {font-family:Tahoma,Arial,sans-serif;color:black;background-color:white;} B {font-family:Tahoma,Arial,sans-serif;color:white;background-color:#525D76;} P {font-family:Tahoma,Arial,sans-serif;background:white;color:black;font-size:12px;}A {color : black;}A.name {color : black;}HR {color : #525D76;}--></style> </head><body><h1>HTTP Status 404 - Not Found</h1><HR size="1" noshade="noshade"><p><b>type</b> Status report</p><p><b>message</b> <u>Not Found</u></p><p><b>description</b> <u>The requested resource is not available.</u></p><HR size="1" noshade="noshade"><h3>Apache Tomcat/6.0.44</h3></body></html>
2016-01-04 09:43:10 INFO  StudentServiceClient:50 - Creating student::{"address":{"state":"MA","firstline":"2101","city":"westford","zip":"01886"},"studentId":"1","firstname":"vignesh","lastname":"natesan"}
2016-01-04 09:43:11 INFO  StudentServiceClient:29 - Student output:[{"address":null,"firstname":"vignesh","lastname":"natesan","studentId":"1"}]
2016-01-04 09:43:11 INFO  StudentServiceClient:59 - Student out for Student ID - 1: <html><head><title>Apache Tomcat/6.0.44 - Error report</title><style><!--H1 {font-family:Tahoma,Arial,sans-serif;color:white;background-color:#525D76;font-size:22px;} H2 {font-family:Tahoma,Arial,sans-serif;color:white;background-color:#525D76;font-size:16px;} H3 {font-family:Tahoma,Arial,sans-serif;color:white;background-color:#525D76;font-size:14px;} BODY {font-family:Tahoma,Arial,sans-serif;color:black;background-color:white;} B {font-family:Tahoma,Arial,sans-serif;color:white;background-color:#525D76;} P {font-family:Tahoma,Arial,sans-serif;background:white;color:black;font-size:12px;}A {color : black;}A.name {color : black;}HR {color : #525D76;}--></style> </head><body><h1>HTTP Status 404 - Not Found</h1><HR size="1" noshade="noshade"><p><b>type</b> Status report</p><p><b>message</b> <u>Not Found</u></p><p><b>description</b> <u>The requested resource is not available.</u></p><HR size="1" noshade="noshade"><h3>Apache Tomcat/6.0.44</h3></body></html>
